<?xml version="1.0" encoding="UTF-8"?>
<robot generator="Robot 7.0 (Python 3.12.2 on win32)" generated="2025-04-14T20:18:29.973097" rpa="false" schemaversion="5">
<suite id="s1" name="PesquisarDiretoria" source="c:\Projetos\Frontend\PesquisarDiretoria.Robot">
<test id="s1-t1" name="Login com sucesso" line="17">
<kw name="Abrir o site do Qa.Coders">
<kw name="Open Browser" owner="SeleniumLibrary">
<msg time="2025-04-14T20:18:30.515388" level="INFO">Opening browser 'edge' to base url 'https://qualitys-hunters-front.qacoders.dev.br/login'.</msg>
<arg>${baseUrl}</arg>
<arg>edge</arg>
<doc>Opens a new browser instance to the optional ``url``.</doc>
<status status="PASS" start="2025-04-14T20:18:30.513380" elapsed="4.720855"/>
</kw>
<kw name="Maximize Browser Window" owner="SeleniumLibrary">
<doc>Maximizes current browser window.</doc>
<status status="PASS" start="2025-04-14T20:18:35.236240" elapsed="0.196949"/>
</kw>
<kw name="Title Should Be" owner="SeleniumLibrary">
<msg time="2025-04-14T20:18:35.471411" level="INFO">Page title is 'Academy'.</msg>
<arg>Academy</arg>
<doc>Verifies that the current page title equals ``title``.</doc>
<status status="PASS" start="2025-04-14T20:18:35.434195" elapsed="0.038237"/>
</kw>
<kw name="Sleep" owner="BuiltIn">
<msg time="2025-04-14T20:18:37.474607" level="INFO">Slept 2 seconds.</msg>
<arg>2</arg>
<doc>Pauses the test executed for the given time.</doc>
<status status="PASS" start="2025-04-14T20:18:35.473434" elapsed="2.001173"/>
</kw>
<status status="PASS" start="2025-04-14T20:18:30.508314" elapsed="6.966293"/>
</kw>
<kw name="Realizar login">
<kw name="Wait Until Element Is Visible" owner="SeleniumLibrary">
<arg>id=email</arg>
<doc>Waits until the element ``locator`` is visible.</doc>
<status status="PASS" start="2025-04-14T20:18:37.477009" elapsed="0.052220"/>
</kw>
<kw name="Input Text" owner="SeleniumLibrary">
<msg time="2025-04-14T20:18:37.531252" level="INFO">Typing text 'sysadmin@qacoders.com' into text field 'id=email'.</msg>
<arg>id=email</arg>
<arg>${mail}</arg>
<doc>Types the given ``text`` into the text field identified by ``locator``.</doc>
<status status="PASS" start="2025-04-14T20:18:37.529229" elapsed="0.294585"/>
</kw>
<kw name="Input Text" owner="SeleniumLibrary">
<msg time="2025-04-14T20:18:37.825813" level="INFO">Typing text '1234@Test' into text field 'id=password'.</msg>
<arg>id=password</arg>
<arg>${password}</arg>
<doc>Types the given ``text`` into the text field identified by ``locator``.</doc>
<status status="PASS" start="2025-04-14T20:18:37.824812" elapsed="0.391256"/>
</kw>
<kw name="Click Element" owner="SeleniumLibrary">
<msg time="2025-04-14T20:18:38.218069" level="INFO">Clicking element 'xpath=//button[normalize-space(text())='Entrar']'.</msg>
<arg>${Buton_Entrar}</arg>
<doc>Click the element identified by ``locator``.</doc>
<status status="PASS" start="2025-04-14T20:18:38.216068" elapsed="0.187169"/>
</kw>
<kw name="Sleep" owner="BuiltIn">
<msg time="2025-04-14T20:18:40.404451" level="INFO">Slept 2 seconds.</msg>
<arg>2</arg>
<doc>Pauses the test executed for the given time.</doc>
<status status="PASS" start="2025-04-14T20:18:38.404234" elapsed="2.000731"/>
</kw>
<status status="PASS" start="2025-04-14T20:18:37.476004" elapsed="2.928961"/>
</kw>
<kw name="Clicar no Botão Cadastros">
<kw name="Wait Until Element Is Visible" owner="SeleniumLibrary">
<arg>${Buton_Cadastros}</arg>
<doc>Waits until the element ``locator`` is visible.</doc>
<status status="PASS" start="2025-04-14T20:18:40.411530" elapsed="0.164369"/>
</kw>
<kw name="Click Element" owner="SeleniumLibrary">
<msg time="2025-04-14T20:18:40.577898" level="INFO">Clicking element 'xpath=//div[@id='Cadastros']//span[1]'.</msg>
<arg>${Buton_Cadastros}</arg>
<doc>Click the element identified by ``locator``.</doc>
<status status="PASS" start="2025-04-14T20:18:40.576905" elapsed="0.205282"/>
</kw>
<kw name="Sleep" owner="BuiltIn">
<msg time="2025-04-14T20:18:42.783461" level="INFO">Slept 2 seconds.</msg>
<arg>2</arg>
<doc>Pauses the test executed for the given time.</doc>
<status status="PASS" start="2025-04-14T20:18:40.783183" elapsed="2.000278"/>
</kw>
<status status="PASS" start="2025-04-14T20:18:40.409499" elapsed="2.373962"/>
</kw>
<kw name="Clicar no Botão Diretoria">
<kw name="Wait Until Element Is Visible" owner="SeleniumLibrary">
<arg>${Buton_Diretorias}</arg>
<doc>Waits until the element ``locator`` is visible.</doc>
<status status="PASS" start="2025-04-14T20:18:42.785984" elapsed="0.039228"/>
</kw>
<kw name="Click Element" owner="SeleniumLibrary">
<msg time="2025-04-14T20:18:42.826212" level="INFO">Clicking element 'xpath=//div[@id='Diretorias']//span[1]'.</msg>
<arg>${Buton_Diretorias}</arg>
<doc>Click the element identified by ``locator``.</doc>
<status status="PASS" start="2025-04-14T20:18:42.826212" elapsed="0.133284"/>
</kw>
<kw name="Sleep" owner="BuiltIn">
<msg time="2025-04-14T20:18:44.962022" level="INFO">Slept 2 seconds.</msg>
<arg>2</arg>
<doc>Pauses the test executed for the given time.</doc>
<status status="PASS" start="2025-04-14T20:18:42.959496" elapsed="2.003043"/>
</kw>
<status status="PASS" start="2025-04-14T20:18:42.784471" elapsed="2.178068"/>
</kw>
<kw name="Preencher o campo de pesquisa">
<kw name="Wait Until Element Is Visible" owner="SeleniumLibrary">
<arg>${Buton_Pesquisar}</arg>
<doc>Waits until the element ``locator`` is visible.</doc>
<status status="PASS" start="2025-04-14T20:18:44.964558" elapsed="0.040697"/>
</kw>
<kw name="Input Text" owner="SeleniumLibrary">
<msg time="2025-04-14T20:18:45.006254" level="INFO">Typing text 'Diretoria Teste Lu' into text field 'xpath=//div[@class='css-1ttpiob']//input[1]'.</msg>
<arg>${Buton_Pesquisar}</arg>
<arg>Diretoria Teste Lu</arg>
<doc>Types the given ``text`` into the text field identified by ``locator``.</doc>
<status status="PASS" start="2025-04-14T20:18:45.005255" elapsed="0.210940"/>
</kw>
<kw name="Sleep" owner="BuiltIn">
<msg time="2025-04-14T20:18:55.218022" level="INFO">Slept 10 seconds.</msg>
<arg>10</arg>
<doc>Pauses the test executed for the given time.</doc>
<status status="PASS" start="2025-04-14T20:18:45.217191" elapsed="10.003890"/>
</kw>
<status status="PASS" start="2025-04-14T20:18:44.963548" elapsed="10.259519"/>
</kw>
<status status="PASS" start="2025-04-14T20:18:30.507307" elapsed="24.718767"/>
</test>
<status status="PASS" start="2025-04-14T20:18:29.993407" elapsed="25.250762"/>
</suite>
<statistics>
<total>
<stat pass="1" fail="0" skip="0">All Tests</stat>
</total>
<tag>
</tag>
<suite>
<stat pass="1" fail="0" skip="0" id="s1" name="PesquisarDiretoria">PesquisarDiretoria</stat>
</suite>
</statistics>
<errors>
</errors>
</robot>
